<?xml version="1.0" encoding="UTF-8"?>
<testng-results ignored="0" total="2" passed="2" failed="0" skipped="0">
  <reporter-output>
  </reporter-output>
  <suite started-at="2024-11-01T15:18:25 IST" name="Master Suite" finished-at="2024-11-01T15:18:36 IST" duration-ms="11264">
    <groups>
      <group name="Master">
        <method signature="TC001_AccountRegistrationTest.verify_account_registrartion()[pri:0, instance:testCases.TC001_AccountRegistrationTest@53d1b9b3]" name="verify_account_registrartion" class="testCases.TC001_AccountRegistrationTest"/>
        <method signature="TC002_LoginTest.verify_login()[pri:0, instance:testCases.TC002_LoginTest@f667fe]" name="verify_login" class="testCases.TC002_LoginTest"/>
      </group> <!-- Master -->
      <group name="Sanity">
        <method signature="TC002_LoginTest.verify_login()[pri:0, instance:testCases.TC002_LoginTest@f667fe]" name="verify_login" class="testCases.TC002_LoginTest"/>
      </group> <!-- Sanity -->
      <group name="Regression">
        <method signature="TC001_AccountRegistrationTest.verify_account_registrartion()[pri:0, instance:testCases.TC001_AccountRegistrationTest@53d1b9b3]" name="verify_account_registrartion" class="testCases.TC001_AccountRegistrationTest"/>
      </group> <!-- Regression -->
    </groups>
    <test started-at="2024-11-01T15:18:25 IST" name="Test" finished-at="2024-11-01T15:18:36 IST" duration-ms="11264">
      <class name="testCases.TC002_LoginTest">
        <test-method is-config="true" signature="setUp(java.lang.String,java.lang.String)[pri:0, instance:testCases.TC002_LoginTest@f667fe]" started-at="2024-11-01T15:18:32 IST" name="setUp" finished-at="2024-11-01T15:18:35 IST" duration-ms="3112" status="PASS">
          <params>
            <param index="0">
              <value>
                <![CDATA[Windows]]>
              </value>
            </param>
            <param index="1">
              <value>
                <![CDATA[chrome]]>
              </value>
            </param>
          </params>
          <reporter-output>
          </reporter-output>
        </test-method> <!-- setUp -->
        <test-method signature="verify_login()[pri:0, instance:testCases.TC002_LoginTest@f667fe]" started-at="2024-11-01T15:18:35 IST" name="verify_login" finished-at="2024-11-01T15:18:36 IST" duration-ms="1068" status="PASS">
          <reporter-output>
          </reporter-output>
        </test-method> <!-- verify_login -->
        <test-method is-config="true" signature="tearDown()[pri:0, instance:testCases.TC002_LoginTest@f667fe]" started-at="2024-11-01T15:18:36 IST" name="tearDown" finished-at="2024-11-01T15:18:36 IST" duration-ms="137" status="PASS">
          <reporter-output>
          </reporter-output>
        </test-method> <!-- tearDown -->
      </class> <!-- testCases.TC002_LoginTest -->
      <class name="testCases.TC001_AccountRegistrationTest">
        <test-method is-config="true" signature="setUp(java.lang.String,java.lang.String)[pri:0, instance:testCases.TC001_AccountRegistrationTest@53d1b9b3]" started-at="2024-11-01T15:18:25 IST" name="setUp" finished-at="2024-11-01T15:18:30 IST" duration-ms="5013" status="PASS">
          <params>
            <param index="0">
              <value>
                <![CDATA[Windows]]>
              </value>
            </param>
            <param index="1">
              <value>
                <![CDATA[chrome]]>
              </value>
            </param>
          </params>
          <reporter-output>
          </reporter-output>
        </test-method> <!-- setUp -->
        <test-method signature="verify_account_registrartion()[pri:0, instance:testCases.TC001_AccountRegistrationTest@53d1b9b3]" started-at="2024-11-01T15:18:30 IST" name="verify_account_registrartion" finished-at="2024-11-01T15:18:31 IST" duration-ms="1496" status="PASS">
          <reporter-output>
          </reporter-output>
        </test-method> <!-- verify_account_registrartion -->
        <test-method is-config="true" signature="tearDown()[pri:0, instance:testCases.TC001_AccountRegistrationTest@53d1b9b3]" started-at="2024-11-01T15:18:32 IST" name="tearDown" finished-at="2024-11-01T15:18:32 IST" duration-ms="181" status="PASS">
          <reporter-output>
          </reporter-output>
        </test-method> <!-- tearDown -->
      </class> <!-- testCases.TC001_AccountRegistrationTest -->
    </test> <!-- Test -->
  </suite> <!-- Master Suite -->
</testng-results>
