<?xml version="1.0" encoding="UTF-8"?>
<testng-results ignored="0" total="2" passed="2" failed="0" skipped="0">
  <reporter-output>
  </reporter-output>
  <suite started-at="2024-10-30T12:39:49 IST" name="Master Suite" finished-at="2024-10-30T12:39:59 IST" duration-ms="10227">
    <groups>
      <group name="Master">
        <method signature="TC001_AccountRegistrationTest.verify_account_registrartion()[pri:0, instance:testCases.TC001_AccountRegistrationTest@4a335fa8]" name="verify_account_registrartion" class="testCases.TC001_AccountRegistrationTest"/>
        <method signature="TC002_LoginTest.verify_login()[pri:0, instance:testCases.TC002_LoginTest@22d6f11]" name="verify_login" class="testCases.TC002_LoginTest"/>
      </group> <!-- Master -->
      <group name="Sanity">
        <method signature="TC002_LoginTest.verify_login()[pri:0, instance:testCases.TC002_LoginTest@22d6f11]" name="verify_login" class="testCases.TC002_LoginTest"/>
      </group> <!-- Sanity -->
      <group name="Regression">
        <method signature="TC001_AccountRegistrationTest.verify_account_registrartion()[pri:0, instance:testCases.TC001_AccountRegistrationTest@4a335fa8]" name="verify_account_registrartion" class="testCases.TC001_AccountRegistrationTest"/>
      </group> <!-- Regression -->
    </groups>
    <test started-at="2024-10-30T12:39:49 IST" name="Linux-Chrome" finished-at="2024-10-30T12:39:59 IST" duration-ms="10227">
      <class name="testCases.TC002_LoginTest">
        <test-method is-config="true" signature="setUp(java.lang.String,java.lang.String)[pri:0, instance:testCases.TC002_LoginTest@22d6f11]" started-at="2024-10-30T12:39:55 IST" name="setUp" finished-at="2024-10-30T12:39:58 IST" duration-ms="2227" status="PASS">
          <params>
            <param index="0">
              <value>
                <![CDATA[Linux]]>
              </value>
            </param>
            <param index="1">
              <value>
                <![CDATA[chrome]]>
              </value>
            </param>
          </params>
          <reporter-output>
          </reporter-output>
        </test-method> <!-- setUp -->
        <test-method signature="verify_login()[pri:0, instance:testCases.TC002_LoginTest@22d6f11]" started-at="2024-10-30T12:39:58 IST" name="verify_login" finished-at="2024-10-30T12:39:59 IST" duration-ms="1041" status="PASS">
          <reporter-output>
          </reporter-output>
        </test-method> <!-- verify_login -->
        <test-method is-config="true" signature="tearDown()[pri:0, instance:testCases.TC002_LoginTest@22d6f11]" started-at="2024-10-30T12:39:59 IST" name="tearDown" finished-at="2024-10-30T12:39:59 IST" duration-ms="157" status="PASS">
          <reporter-output>
          </reporter-output>
        </test-method> <!-- tearDown -->
      </class> <!-- testCases.TC002_LoginTest -->
      <class name="testCases.TC001_AccountRegistrationTest">
        <test-method is-config="true" signature="setUp(java.lang.String,java.lang.String)[pri:0, instance:testCases.TC001_AccountRegistrationTest@4a335fa8]" started-at="2024-10-30T12:39:49 IST" name="setUp" finished-at="2024-10-30T12:39:54 IST" duration-ms="5063" status="PASS">
          <params>
            <param index="0">
              <value>
                <![CDATA[Linux]]>
              </value>
            </param>
            <param index="1">
              <value>
                <![CDATA[chrome]]>
              </value>
            </param>
          </params>
          <reporter-output>
          </reporter-output>
        </test-method> <!-- setUp -->
        <test-method signature="verify_account_registrartion()[pri:0, instance:testCases.TC001_AccountRegistrationTest@4a335fa8]" started-at="2024-10-30T12:39:54 IST" name="verify_account_registrartion" finished-at="2024-10-30T12:39:55 IST" duration-ms="1316" status="PASS">
          <reporter-output>
          </reporter-output>
        </test-method> <!-- verify_account_registrartion -->
        <test-method is-config="true" signature="tearDown()[pri:0, instance:testCases.TC001_AccountRegistrationTest@4a335fa8]" started-at="2024-10-30T12:39:55 IST" name="tearDown" finished-at="2024-10-30T12:39:55 IST" duration-ms="140" status="PASS">
          <reporter-output>
          </reporter-output>
        </test-method> <!-- tearDown -->
      </class> <!-- testCases.TC001_AccountRegistrationTest -->
    </test> <!-- Linux-Chrome -->
  </suite> <!-- Master Suite -->
</testng-results>
